0 info it worked if it ends with ok
1 verbose cli [ 'C:\\Program Files\\nodejs\\node.exe',
1 verbose cli   'C:\\Users\\dolly.singh@io-media.com\\AppData\\Roaming\\npm\\node_modules\\npm\\bin\\npm-cli.js',
1 verbose cli   'start' ]
2 info using npm@4.0.5
3 info using node@v7.3.0
4 verbose run-script [ 'prestart', 'start', 'poststart' ]
5 info lifecycle reactapp@1.0.0~prestart: reactapp@1.0.0
6 silly lifecycle reactapp@1.0.0~prestart: no script for prestart, continuing
7 info lifecycle reactapp@1.0.0~start: reactapp@1.0.0
8 verbose lifecycle reactapp@1.0.0~start: unsafe-perm in lifecycle true
9 verbose lifecycle reactapp@1.0.0~start: PATH: C:\Users\dolly.singh@io-media.com\AppData\Roaming\npm\node_modules\npm\bin\node-gyp-bin;D:\GIT\Roll-over-popup_react\reactApp\node_modules\.bin;C:\Python27\;C:\Python27\Scripts;C:\Windows\system32;C:\Windows;C:\Windows\System32\Wbem;C:\Windows\System32\WindowsPowerShell\v1.0\;C:\Program Files\Intel\DMIX;C:\Program Files\Common Files\Autodesk Shared\;C:\Program Files (x86)\Common Files\Softimage;C:\Program Files\Common Files\Softimage;C:\Program Files (x86)\QuickTime\QTSystem\;C:\Users\tverma.IO-MEDIA\AppData\Local\Smartbar\Application\;C:\Program Files (x86)\Brackets\command;C:\Program Files\TortoiseSVN\bin;C:\Program Files (x86)\GNU\GnuPG\pub;C:\Program Files\nodejs\;C:\Ruby22-x64\bin;C:\Users\dolly.singh@io-media.com\AppData\Roaming\npm
10 verbose lifecycle reactapp@1.0.0~start: CWD: D:\GIT\Roll-over-popup_react\reactApp
11 silly lifecycle reactapp@1.0.0~start: Args: [ '/d /s /c', 'webpack-dev-server --hot' ]
12 verbose stack Error: kill ENOSYS
12 verbose stack     at exports._errnoException (util.js:1022:11)
12 verbose stack     at process.kill (internal/process.js:173:13)
12 verbose stack     at process.listener (C:\Users\dolly.singh@io-media.com\AppData\Roaming\npm\node_modules\npm\node_modules\npmlog\node_modules\gauge\node_modules\signal-exit\index.js:86:15)
12 verbose stack     at emitNone (events.js:91:20)
12 verbose stack     at process.emit (events.js:185:7)
12 verbose stack     at processEmit (C:\Users\dolly.singh@io-media.com\AppData\Roaming\npm\node_modules\npm\node_modules\npmlog\node_modules\gauge\node_modules\signal-exit\index.js:146:32)
12 verbose stack     at processEmit (C:\Users\dolly.singh@io-media.com\AppData\Roaming\npm\node_modules\npm\node_modules\npm-registry-client\node_modules\npmlog\node_modules\gauge\node_modules\signal-exit\index.js:146:32)
12 verbose stack     at Signal.wrap.onsignal (internal/process.js:200:44)
13 verbose cwd D:\GIT\Roll-over-popup_react\reactApp
14 error Windows_NT 6.1.7601
15 error argv "C:\\Program Files\\nodejs\\node.exe" "C:\\Users\\dolly.singh@io-media.com\\AppData\\Roaming\\npm\\node_modules\\npm\\bin\\npm-cli.js" "start"
16 error node v7.3.0
17 error npm  v4.0.5
18 error code ENOSYS
19 error errno ENOSYS
20 error syscall kill
21 error kill ENOSYS
22 error If you need help, you may report this error at:
22 error     <https://github.com/npm/npm/issues>
23 verbose exit [ 1, true ]
